<?xml version="1.0" encoding="UTF-8"?>
<testng-results skipped="0" failed="0" ignored="0" total="1" passed="1">
  <reporter-output>
  </reporter-output>
  <suite name="Default suite" duration-ms="31829" started-at="2023-10-12T21:07:39 IST" finished-at="2023-10-12T21:08:11 IST">
    <groups>
    </groups>
    <test name="Default test" duration-ms="31829" started-at="2023-10-12T21:07:39 IST" finished-at="2023-10-12T21:08:11 IST">
      <class name="autoitt.a1">
        <test-method status="PASS" signature="t1()[pri:0, instance:autoitt.a1@528931cf]" name="t1" duration-ms="31788" started-at="2023-10-12T21:07:39 IST" finished-at="2023-10-12T21:08:11 IST">
          <reporter-output>
          </reporter-output>
        </test-method> <!-- t1 -->
      </class> <!-- autoitt.a1 -->
    </test> <!-- Default test -->
  </suite> <!-- Default suite -->
</testng-results>
